{
  "RSpec": {
    "coverage": {
      "/home/harry/projects/pairing/bookmarks-alex/app.rb": {
        "lines": [
          1,
          1,
          null,
          1,
          1,
          1,
          null,
          null,
          1,
          2,
          2,
          null,
          null,
          null,
          1,
          null
        ]
      },
      "/home/harry/projects/pairing/bookmarks-alex/lib/bookmark.rb": {
        "lines": [
          1,
          null,
          1,
          null,
          1,
          5,
          5,
          null,
          0,
          null,
          5,
          17,
          null,
          null
        ]
      },
      "/home/harry/projects/pairing/bookmarks-alex/spec/bookmark_spec.rb": {
        "lines": [
          1,
          1,
          null,
          1,
          1,
          null,
          1,
          1,
          null,
          1,
          1,
          1,
          1,
          null,
          1,
          1,
          1,
          null,
          null,
          null
        ]
      },
      "/home/harry/projects/pairing/bookmarks-alex/spec/features/app_spec.rb": {
        "lines": [
          1,
          1,
          1,
          1,
          null,
          null
        ]
      },
      "/home/harry/projects/pairing/bookmarks-alex/spec/features/bookmarks_spec.rb": {
        "lines": [
          1,
          1,
          1,
          1,
          null,
          null,
          1,
          null,
          1,
          1,
          1,
          1,
          null,
          1,
          null,
          1,
          1,
          1,
          null,
          null
        ]
      }
    },
    "timestamp": 1586356677
  }
}
